<?xml version="1.0" encoding="UTF-8"?>
<!-- Generated by org.testng.reporters.JUnitXMLReporter -->
<testsuite ignored="0" hostname="LIN-PG02HCEF" failures="1" tests="8" name="Default test" time="117.428" errors="0" timestamp="2024-12-26T21:14:40 IST">
  <testcase classname="io.cucumber.testng.AbstractTestNGCucumberTests" name="runScenario" time="29.334"/>
  <testcase classname="io.cucumber.testng.AbstractTestNGCucumberTests" name="runScenario" time="6.367">
    <failure type="java.lang.Error" message="Unresolved compilation problem: 
	ReadProperties cannot be resolved
">
      <![CDATA[java.lang.Error: Unresolved compilation problem: 
ReadProperties cannot be resolved

at com.stepDefination.PostYourPropStepDef.i_enter_valid_property_details_such_as_and(PostYourPropStepDef.java:96)
at ✽.I enter valid property details such as name emailid and mobile no(file:///C:/Users/MOBAHAUD/eclipse-workspace/Testing-NoBroker/src/test/resources/Features/PostYourProperty.feature:12)
]]>
    </failure>
  </testcase> <!-- runScenario -->
  <testcase classname="io.cucumber.testng.AbstractTestNGCucumberTests" name="runScenario" time="20.386"/>
  <testcase classname="io.cucumber.testng.AbstractTestNGCucumberTests" name="runScenario" time="6.284"/>
  <testcase classname="io.cucumber.testng.AbstractTestNGCucumberTests" name="runScenario" time="17.602"/>
  <testcase classname="io.cucumber.testng.AbstractTestNGCucumberTests" name="runScenario" time="10.072"/>
  <testcase classname="io.cucumber.testng.AbstractTestNGCucumberTests" name="runScenario" time="12.592"/>
  <testcase classname="io.cucumber.testng.AbstractTestNGCucumberTests" name="runScenario" time="12.86"/>
</testsuite> <!-- Default test -->
