<?xml version="1.0" encoding="UTF-8"?>
<testng-results ignored="0" total="3" passed="3" failed="0" skipped="0">
  <reporter-output>
  </reporter-output>
  <suite started-at="2024-12-23T16:52:43 IST" name="Default suite" finished-at="2024-12-23T16:54:08 IST" duration-ms="84410">
    <groups>
      <group name="cucumber">
        <method signature="AbstractTestNGCucumberTests.runScenario(io.cucumber.testng.PickleWrapper,io.cucumber.testng.FeatureWrapper)[pri:0, instance:com.runner.TestRunnerTestng@1a75e76a]" name="runScenario" class="io.cucumber.testng.AbstractTestNGCucumberTests"/>
      </group> <!-- cucumber -->
    </groups>
    <test started-at="2024-12-23T16:52:43 IST" name="Default test" finished-at="2024-12-23T16:54:08 IST" duration-ms="84410">
      <class name="com.runner.TestRunnerTestng">
        <test-method is-config="true" signature="setUpClass(org.testng.ITestContext)[pri:0, instance:com.runner.TestRunnerTestng@1a75e76a]" started-at="2024-12-23T16:52:43 IST" name="setUpClass" finished-at="2024-12-23T16:52:44 IST" duration-ms="600" status="PASS">
          <params>
            <param index="0">
              <value>
                <![CDATA[org.testng.TestRunner@1c26273d]]>
              </value>
            </param>
          </params>
          <reporter-output>
          </reporter-output>
        </test-method> <!-- setUpClass -->
        <test-method signature="runScenario(io.cucumber.testng.PickleWrapper,io.cucumber.testng.FeatureWrapper)[pri:0, instance:com.runner.TestRunnerTestng@1a75e76a]" started-at="2024-12-23T16:52:44 IST" name="runScenario" description="Runs Cucumber Scenarios" data-provider="scenarios" finished-at="2024-12-23T16:52:55 IST" duration-ms="11121" status="PASS">
          <params>
            <param index="0">
              <value>
                <![CDATA["Navigate to blog Page and Verify Navigation"]]>
              </value>
            </param>
            <param index="1">
              <value>
                <![CDATA["blog Page Navigation and validation on NoBroker Website"]]>
              </value>
            </param>
          </params>
          <reporter-output>
          </reporter-output>
        </test-method> <!-- runScenario -->
        <test-method signature="runScenario(io.cucumber.testng.PickleWrapper,io.cucumber.testng.FeatureWrapper)[pri:0, instance:com.runner.TestRunnerTestng@1a75e76a]" started-at="2024-12-23T16:52:55 IST" name="runScenario" description="Runs Cucumber Scenarios" data-provider="scenarios" finished-at="2024-12-23T16:53:40 IST" duration-ms="45196" status="PASS">
          <params>
            <param index="0">
              <value>
                <![CDATA["Check the functionality of 'Subscribe to our blogs' button"]]>
              </value>
            </param>
            <param index="1">
              <value>
                <![CDATA["blog Page Navigation and validation on NoBroker Website"]]>
              </value>
            </param>
          </params>
          <reporter-output>
          </reporter-output>
        </test-method> <!-- runScenario -->
        <test-method signature="runScenario(io.cucumber.testng.PickleWrapper,io.cucumber.testng.FeatureWrapper)[pri:0, instance:com.runner.TestRunnerTestng@1a75e76a]" started-at="2024-12-23T16:53:40 IST" name="runScenario" description="Runs Cucumber Scenarios" data-provider="scenarios" finished-at="2024-12-23T16:54:08 IST" duration-ms="27419" status="PASS">
          <params>
            <param index="0">
              <value>
                <![CDATA["Check the functionality of 'Subscribe to our blogs' button"]]>
              </value>
            </param>
            <param index="1">
              <value>
                <![CDATA["blog Page Navigation and validation on NoBroker Website"]]>
              </value>
            </param>
          </params>
          <reporter-output>
          </reporter-output>
        </test-method> <!-- runScenario -->
        <test-method is-config="true" signature="tearDownClass()[pri:0, instance:com.runner.TestRunnerTestng@1a75e76a]" started-at="2024-12-23T16:54:08 IST" name="tearDownClass" finished-at="2024-12-23T16:54:08 IST" duration-ms="21" status="PASS">
          <reporter-output>
          </reporter-output>
        </test-method> <!-- tearDownClass -->
      </class> <!-- com.runner.TestRunnerTestng -->
    </test> <!-- Default test -->
  </suite> <!-- Default suite -->
</testng-results>
