<?xml version="1.0" encoding="UTF-8"?>
<testng-results ignored="0" total="5" passed="5" failed="0" skipped="0">
  <reporter-output>
  </reporter-output>
  <suite started-at="2024-12-24T16:44:29 IST" name="Default suite" finished-at="2024-12-24T16:45:39 IST" duration-ms="69481">
    <groups>
      <group name="cucumber">
        <method signature="AbstractTestNGCucumberTests.runScenario(io.cucumber.testng.PickleWrapper,io.cucumber.testng.FeatureWrapper)[pri:0, instance:com.Runner.TestNGRunner@782859e]" name="runScenario" class="io.cucumber.testng.AbstractTestNGCucumberTests"/>
      </group> <!-- cucumber -->
    </groups>
    <test started-at="2024-12-24T16:44:29 IST" name="Default test" finished-at="2024-12-24T16:45:39 IST" duration-ms="69481">
      <class name="com.Runner.TestNGRunner">
        <test-method is-config="true" signature="setUpClass(org.testng.ITestContext)[pri:0, instance:com.Runner.TestNGRunner@782859e]" started-at="2024-12-24T16:44:29 IST" name="setUpClass" finished-at="2024-12-24T16:44:30 IST" duration-ms="495" status="PASS">
          <params>
            <param index="0">
              <value>
                <![CDATA[org.testng.TestRunner@79d4ff58]]>
              </value>
            </param>
          </params>
          <reporter-output>
          </reporter-output>
        </test-method> <!-- setUpClass -->
        <test-method signature="runScenario(io.cucumber.testng.PickleWrapper,io.cucumber.testng.FeatureWrapper)[pri:0, instance:com.Runner.TestNGRunner@782859e]" started-at="2024-12-24T16:44:30 IST" name="runScenario" description="Runs Cucumber Scenarios" data-provider="scenarios" finished-at="2024-12-24T16:44:40 IST" duration-ms="9799" status="PASS">
          <params>
            <param index="0">
              <value>
                <![CDATA["Click on the main menu and post your property"]]>
              </value>
            </param>
            <param index="1">
              <value>
                <![CDATA["Validating post your property features"]]>
              </value>
            </param>
          </params>
          <reporter-output>
          </reporter-output>
        </test-method> <!-- runScenario -->
        <test-method signature="runScenario(io.cucumber.testng.PickleWrapper,io.cucumber.testng.FeatureWrapper)[pri:0, instance:com.Runner.TestNGRunner@782859e]" started-at="2024-12-24T16:44:40 IST" name="runScenario" description="Runs Cucumber Scenarios" data-provider="scenarios" finished-at="2024-12-24T16:44:54 IST" duration-ms="14019" status="PASS">
          <params>
            <param index="0">
              <value>
                <![CDATA["Entering property details and clicking on Start Posting Your Ad for Free"]]>
              </value>
            </param>
            <param index="1">
              <value>
                <![CDATA["Validating post your property features"]]>
              </value>
            </param>
          </params>
          <reporter-output>
          </reporter-output>
        </test-method> <!-- runScenario -->
        <test-method signature="runScenario(io.cucumber.testng.PickleWrapper,io.cucumber.testng.FeatureWrapper)[pri:0, instance:com.Runner.TestNGRunner@782859e]" started-at="2024-12-24T16:44:54 IST" name="runScenario" description="Runs Cucumber Scenarios" data-provider="scenarios" finished-at="2024-12-24T16:45:13 IST" duration-ms="19397" status="PASS">
          <params>
            <param index="0">
              <value>
                <![CDATA["Entering incorrect property details and trying to post the ad"]]>
              </value>
            </param>
            <param index="1">
              <value>
                <![CDATA["Validating post your property features"]]>
              </value>
            </param>
          </params>
          <reporter-output>
          </reporter-output>
        </test-method> <!-- runScenario -->
        <test-method signature="runScenario(io.cucumber.testng.PickleWrapper,io.cucumber.testng.FeatureWrapper)[pri:0, instance:com.Runner.TestNGRunner@782859e]" started-at="2024-12-24T16:45:13 IST" name="runScenario" description="Runs Cucumber Scenarios" data-provider="scenarios" finished-at="2024-12-24T16:45:21 IST" duration-ms="8000" status="PASS">
          <params>
            <param index="0">
              <value>
                <![CDATA["Verify user can navigate to Best Buy pay rent Page"]]>
              </value>
            </param>
            <param index="1">
              <value>
                <![CDATA["Validating post your property features"]]>
              </value>
            </param>
          </params>
          <reporter-output>
          </reporter-output>
        </test-method> <!-- runScenario -->
        <test-method signature="runScenario(io.cucumber.testng.PickleWrapper,io.cucumber.testng.FeatureWrapper)[pri:0, instance:com.Runner.TestNGRunner@782859e]" started-at="2024-12-24T16:45:21 IST" name="runScenario" description="Runs Cucumber Scenarios" data-provider="scenarios" finished-at="2024-12-24T16:45:38 IST" duration-ms="16518" status="PASS">
          <params>
            <param index="0">
              <value>
                <![CDATA["Entering your details and clicking on Get Started"]]>
              </value>
            </param>
            <param index="1">
              <value>
                <![CDATA["Validating post your property features"]]>
              </value>
            </param>
          </params>
          <reporter-output>
          </reporter-output>
        </test-method> <!-- runScenario -->
        <test-method is-config="true" signature="tearDownClass()[pri:0, instance:com.Runner.TestNGRunner@782859e]" started-at="2024-12-24T16:45:38 IST" name="tearDownClass" finished-at="2024-12-24T16:45:39 IST" duration-ms="1181" status="PASS">
          <reporter-output>
          </reporter-output>
        </test-method> <!-- tearDownClass -->
      </class> <!-- com.Runner.TestNGRunner -->
    </test> <!-- Default test -->
  </suite> <!-- Default suite -->
</testng-results>
