<?xml version="1.0" encoding="UTF-8"?>
<testng-results ignored="0" total="6" passed="6" failed="0" skipped="0">
  <reporter-output>
  </reporter-output>
  <suite started-at="2024-12-23T21:07:59 IST" name="Default suite" finished-at="2024-12-23T21:09:13 IST" duration-ms="74001">
    <groups>
      <group name="cucumber">
        <method signature="AbstractTestNGCucumberTests.runScenario(io.cucumber.testng.PickleWrapper,io.cucumber.testng.FeatureWrapper)[pri:0, instance:com.runner.TestRunnerTestNG@fd07cbb]" name="runScenario" class="io.cucumber.testng.AbstractTestNGCucumberTests"/>
      </group> <!-- cucumber -->
    </groups>
    <test started-at="2024-12-23T21:07:59 IST" name="Default test" finished-at="2024-12-23T21:09:13 IST" duration-ms="74001">
      <class name="com.runner.TestRunnerTestNG">
        <test-method is-config="true" signature="setUpClass(org.testng.ITestContext)[pri:0, instance:com.runner.TestRunnerTestNG@fd07cbb]" started-at="2024-12-23T21:07:59 IST" name="setUpClass" finished-at="2024-12-23T21:07:59 IST" duration-ms="597" status="PASS">
          <params>
            <param index="0">
              <value>
                <![CDATA[org.testng.TestRunner@3f866f50]]>
              </value>
            </param>
          </params>
          <reporter-output>
          </reporter-output>
        </test-method> <!-- setUpClass -->
        <test-method signature="runScenario(io.cucumber.testng.PickleWrapper,io.cucumber.testng.FeatureWrapper)[pri:0, instance:com.runner.TestRunnerTestNG@fd07cbb]" started-at="2024-12-23T21:07:59 IST" name="runScenario" description="Runs Cucumber Scenarios" data-provider="scenarios" finished-at="2024-12-23T21:08:10 IST" duration-ms="10042" status="PASS">
          <params>
            <param index="0">
              <value>
                <![CDATA["Filter properties with immediate availability in HSR Layout"]]>
              </value>
            </param>
            <param index="1">
              <value>
                <![CDATA["Features on Home Page"]]>
              </value>
            </param>
          </params>
          <reporter-output>
          </reporter-output>
        </test-method> <!-- runScenario -->
        <test-method signature="runScenario(io.cucumber.testng.PickleWrapper,io.cucumber.testng.FeatureWrapper)[pri:0, instance:com.runner.TestRunnerTestNG@fd07cbb]" started-at="2024-12-23T21:08:10 IST" name="runScenario" description="Runs Cucumber Scenarios" data-provider="scenarios" finished-at="2024-12-23T21:08:14 IST" duration-ms="4907" status="PASS">
          <params>
            <param index="0">
              <value>
                <![CDATA["Filter properties by BHK type in Indiranagar"]]>
              </value>
            </param>
            <param index="1">
              <value>
                <![CDATA["Features on Home Page"]]>
              </value>
            </param>
          </params>
          <reporter-output>
          </reporter-output>
        </test-method> <!-- runScenario -->
        <test-method signature="runScenario(io.cucumber.testng.PickleWrapper,io.cucumber.testng.FeatureWrapper)[pri:0, instance:com.runner.TestRunnerTestNG@fd07cbb]" started-at="2024-12-23T21:08:14 IST" name="runScenario" description="Runs Cucumber Scenarios" data-provider="scenarios" finished-at="2024-12-23T21:08:38 IST" duration-ms="23344" status="PASS">
          <params>
            <param index="0">
              <value>
                <![CDATA["User Should be able to Visit property advertisement page With Invalid Cred"]]>
              </value>
            </param>
            <param index="1">
              <value>
                <![CDATA["Features on Home Page"]]>
              </value>
            </param>
          </params>
          <reporter-output>
          </reporter-output>
        </test-method> <!-- runScenario -->
        <test-method signature="runScenario(io.cucumber.testng.PickleWrapper,io.cucumber.testng.FeatureWrapper)[pri:0, instance:com.runner.TestRunnerTestNG@fd07cbb]" started-at="2024-12-23T21:08:38 IST" name="runScenario" description="Runs Cucumber Scenarios" data-provider="scenarios" finished-at="2024-12-23T21:08:51 IST" duration-ms="13082" status="PASS">
          <params>
            <param index="0">
              <value>
                <![CDATA["User Should be able to Visit property advertisement page with Valid Cred"]]>
              </value>
            </param>
            <param index="1">
              <value>
                <![CDATA["Features on Home Page"]]>
              </value>
            </param>
          </params>
          <reporter-output>
          </reporter-output>
        </test-method> <!-- runScenario -->
        <test-method signature="runScenario(io.cucumber.testng.PickleWrapper,io.cucumber.testng.FeatureWrapper)[pri:0, instance:com.runner.TestRunnerTestNG@fd07cbb]" started-at="2024-12-23T21:08:51 IST" name="runScenario" description="Runs Cucumber Scenarios" data-provider="scenarios" finished-at="2024-12-23T21:09:04 IST" duration-ms="13099" status="PASS">
          <params>
            <param index="0">
              <value>
                <![CDATA["User Should be able to Visit property advertisement page with Valid Cred"]]>
              </value>
            </param>
            <param index="1">
              <value>
                <![CDATA["Features on Home Page"]]>
              </value>
            </param>
          </params>
          <reporter-output>
          </reporter-output>
        </test-method> <!-- runScenario -->
        <test-method signature="runScenario(io.cucumber.testng.PickleWrapper,io.cucumber.testng.FeatureWrapper)[pri:0, instance:com.runner.TestRunnerTestNG@fd07cbb]" started-at="2024-12-23T21:09:04 IST" name="runScenario" description="Runs Cucumber Scenarios" data-provider="scenarios" finished-at="2024-12-23T21:09:12 IST" duration-ms="7937" status="PASS">
          <params>
            <param index="0">
              <value>
                <![CDATA["Comprehensive validation of the NoBroker homepage"]]>
              </value>
            </param>
            <param index="1">
              <value>
                <![CDATA["Features on Home Page"]]>
              </value>
            </param>
          </params>
          <reporter-output>
          </reporter-output>
        </test-method> <!-- runScenario -->
        <test-method is-config="true" signature="tearDownClass()[pri:0, instance:com.runner.TestRunnerTestNG@fd07cbb]" started-at="2024-12-23T21:09:12 IST" name="tearDownClass" finished-at="2024-12-23T21:09:13 IST" duration-ms="911" status="PASS">
          <reporter-output>
          </reporter-output>
        </test-method> <!-- tearDownClass -->
      </class> <!-- com.runner.TestRunnerTestNG -->
    </test> <!-- Default test -->
  </suite> <!-- Default suite -->
</testng-results>
