<?xml version="1.0" encoding="UTF-8"?>
<testng-results ignored="0" total="6" passed="6" failed="0" skipped="0">
  <reporter-output>
  </reporter-output>
  <suite started-at="2024-12-26T11:14:00 IST" name="Default suite" finished-at="2024-12-26T11:15:27 IST" duration-ms="86845">
    <groups>
      <group name="cucumber">
        <method signature="AbstractTestNGCucumberTests.runScenario(io.cucumber.testng.PickleWrapper,io.cucumber.testng.FeatureWrapper)[pri:0, instance:com.runner.TestRunnerTestNG@fd07cbb]" name="runScenario" class="io.cucumber.testng.AbstractTestNGCucumberTests"/>
      </group> <!-- cucumber -->
    </groups>
    <test started-at="2024-12-26T11:14:00 IST" name="Default test" finished-at="2024-12-26T11:15:27 IST" duration-ms="86845">
      <class name="com.runner.TestRunnerTestNG">
        <test-method is-config="true" signature="setUpClass(org.testng.ITestContext)[pri:0, instance:com.runner.TestRunnerTestNG@fd07cbb]" started-at="2024-12-26T11:14:00 IST" name="setUpClass" finished-at="2024-12-26T11:14:01 IST" duration-ms="797" status="PASS">
          <params>
            <param index="0">
              <value>
                <![CDATA[org.testng.TestRunner@6070775e]]>
              </value>
            </param>
          </params>
          <reporter-output>
          </reporter-output>
        </test-method> <!-- setUpClass -->
        <test-method signature="runScenario(io.cucumber.testng.PickleWrapper,io.cucumber.testng.FeatureWrapper)[pri:0, instance:com.runner.TestRunnerTestNG@fd07cbb]" started-at="2024-12-26T11:14:01 IST" name="runScenario" description="Runs Cucumber Scenarios" data-provider="scenarios" finished-at="2024-12-26T11:14:16 IST" duration-ms="15380" status="PASS">
          <params>
            <param index="0">
              <value>
                <![CDATA["Filter properties with immediate availability in HSR Layout"]]>
              </value>
            </param>
            <param index="1">
              <value>
                <![CDATA["Features on Home Page"]]>
              </value>
            </param>
          </params>
          <reporter-output>
          </reporter-output>
        </test-method> <!-- runScenario -->
        <test-method signature="runScenario(io.cucumber.testng.PickleWrapper,io.cucumber.testng.FeatureWrapper)[pri:0, instance:com.runner.TestRunnerTestNG@fd07cbb]" started-at="2024-12-26T11:14:16 IST" name="runScenario" description="Runs Cucumber Scenarios" data-provider="scenarios" finished-at="2024-12-26T11:14:23 IST" duration-ms="6789" status="PASS">
          <params>
            <param index="0">
              <value>
                <![CDATA["Filter properties by BHK type in Indiranagar"]]>
              </value>
            </param>
            <param index="1">
              <value>
                <![CDATA["Features on Home Page"]]>
              </value>
            </param>
          </params>
          <reporter-output>
          </reporter-output>
        </test-method> <!-- runScenario -->
        <test-method signature="runScenario(io.cucumber.testng.PickleWrapper,io.cucumber.testng.FeatureWrapper)[pri:0, instance:com.runner.TestRunnerTestNG@fd07cbb]" started-at="2024-12-26T11:14:23 IST" name="runScenario" description="Runs Cucumber Scenarios" data-provider="scenarios" finished-at="2024-12-26T11:14:38 IST" duration-ms="14575" status="PASS">
          <params>
            <param index="0">
              <value>
                <![CDATA["User Should be able to Visit property advertisement page With Invalid Cred"]]>
              </value>
            </param>
            <param index="1">
              <value>
                <![CDATA["Features on Home Page"]]>
              </value>
            </param>
          </params>
          <reporter-output>
          </reporter-output>
        </test-method> <!-- runScenario -->
        <test-method signature="runScenario(io.cucumber.testng.PickleWrapper,io.cucumber.testng.FeatureWrapper)[pri:0, instance:com.runner.TestRunnerTestNG@fd07cbb]" started-at="2024-12-26T11:14:38 IST" name="runScenario" description="Runs Cucumber Scenarios" data-provider="scenarios" finished-at="2024-12-26T11:14:53 IST" duration-ms="15615" status="PASS">
          <params>
            <param index="0">
              <value>
                <![CDATA["User Should be able to Visit property advertisement page with Valid Cred"]]>
              </value>
            </param>
            <param index="1">
              <value>
                <![CDATA["Features on Home Page"]]>
              </value>
            </param>
          </params>
          <reporter-output>
          </reporter-output>
        </test-method> <!-- runScenario -->
        <test-method signature="runScenario(io.cucumber.testng.PickleWrapper,io.cucumber.testng.FeatureWrapper)[pri:0, instance:com.runner.TestRunnerTestNG@fd07cbb]" started-at="2024-12-26T11:14:53 IST" name="runScenario" description="Runs Cucumber Scenarios" data-provider="scenarios" finished-at="2024-12-26T11:15:18 IST" duration-ms="24336" status="PASS">
          <params>
            <param index="0">
              <value>
                <![CDATA["User Should be able to Visit property advertisement page with Valid Cred"]]>
              </value>
            </param>
            <param index="1">
              <value>
                <![CDATA["Features on Home Page"]]>
              </value>
            </param>
          </params>
          <reporter-output>
          </reporter-output>
        </test-method> <!-- runScenario -->
        <test-method signature="runScenario(io.cucumber.testng.PickleWrapper,io.cucumber.testng.FeatureWrapper)[pri:0, instance:com.runner.TestRunnerTestNG@fd07cbb]" started-at="2024-12-26T11:15:18 IST" name="runScenario" description="Runs Cucumber Scenarios" data-provider="scenarios" finished-at="2024-12-26T11:15:27 IST" duration-ms="9176" status="PASS">
          <params>
            <param index="0">
              <value>
                <![CDATA["Comprehensive validation of the NoBroker homepage"]]>
              </value>
            </param>
            <param index="1">
              <value>
                <![CDATA["Features on Home Page"]]>
              </value>
            </param>
          </params>
          <reporter-output>
          </reporter-output>
        </test-method> <!-- runScenario -->
        <test-method is-config="true" signature="tearDownClass()[pri:0, instance:com.runner.TestRunnerTestNG@fd07cbb]" started-at="2024-12-26T11:15:27 IST" name="tearDownClass" finished-at="2024-12-26T11:15:27 IST" duration-ms="83" status="PASS">
          <reporter-output>
          </reporter-output>
        </test-method> <!-- tearDownClass -->
      </class> <!-- com.runner.TestRunnerTestNG -->
    </test> <!-- Default test -->
  </suite> <!-- Default suite -->
</testng-results>
