<?xml version="1.0" encoding="UTF-8"?>
<testng-results ignored="0" total="8" passed="7" failed="1" skipped="0">
  <reporter-output>
  </reporter-output>
  <suite started-at="2024-12-26T21:12:42 IST" name="Default suite" finished-at="2024-12-26T21:14:40 IST" duration-ms="117428">
    <groups>
      <group name="cucumber">
        <method signature="AbstractTestNGCucumberTests.runScenario(io.cucumber.testng.PickleWrapper,io.cucumber.testng.FeatureWrapper)[pri:0, instance:com.Runner.TestNGRunner@782859e]" name="runScenario" class="io.cucumber.testng.AbstractTestNGCucumberTests"/>
      </group> <!-- cucumber -->
    </groups>
    <test started-at="2024-12-26T21:12:42 IST" name="Default test" finished-at="2024-12-26T21:14:40 IST" duration-ms="117428">
      <class name="com.Runner.TestNGRunner">
        <test-method is-config="true" signature="setUpClass(org.testng.ITestContext)[pri:0, instance:com.Runner.TestNGRunner@782859e]" started-at="2024-12-26T21:12:42 IST" name="setUpClass" finished-at="2024-12-26T21:12:43 IST" duration-ms="581" status="PASS">
          <params>
            <param index="0">
              <value>
                <![CDATA[org.testng.TestRunner@63814bbe]]>
              </value>
            </param>
          </params>
          <reporter-output>
          </reporter-output>
        </test-method> <!-- setUpClass -->
        <test-method signature="runScenario(io.cucumber.testng.PickleWrapper,io.cucumber.testng.FeatureWrapper)[pri:0, instance:com.Runner.TestNGRunner@782859e]" started-at="2024-12-26T21:12:43 IST" name="runScenario" description="Runs Cucumber Scenarios" data-provider="scenarios" finished-at="2024-12-26T21:13:12 IST" duration-ms="29334" status="PASS">
          <params>
            <param index="0">
              <value>
                <![CDATA["Click on the main menu and post your property"]]>
              </value>
            </param>
            <param index="1">
              <value>
                <![CDATA["Testing Nobroker Post Your Property WebPage"]]>
              </value>
            </param>
          </params>
          <reporter-output>
          </reporter-output>
        </test-method> <!-- runScenario -->
        <test-method signature="runScenario(io.cucumber.testng.PickleWrapper,io.cucumber.testng.FeatureWrapper)[pri:0, instance:com.Runner.TestNGRunner@782859e]" started-at="2024-12-26T21:13:12 IST" name="runScenario" description="Runs Cucumber Scenarios" data-provider="scenarios" finished-at="2024-12-26T21:13:18 IST" duration-ms="6367" status="FAIL">
          <params>
            <param index="0">
              <value>
                <![CDATA["Entering property details and clicking on Start Posting Your Ad for Free"]]>
              </value>
            </param>
            <param index="1">
              <value>
                <![CDATA["Testing Nobroker Post Your Property WebPage"]]>
              </value>
            </param>
          </params>
          <exception class="java.lang.Error">
            <message>
              <![CDATA[Unresolved compilation problem: 
ReadProperties cannot be resolved
]]>
            </message>
            <full-stacktrace>
              <![CDATA[java.lang.Error: Unresolved compilation problem: 
ReadProperties cannot be resolved

at com.stepDefination.PostYourPropStepDef.i_enter_valid_property_details_such_as_and(PostYourPropStepDef.java:96)
at ✽.I enter valid property details such as name emailid and mobile no(file:///C:/Users/MOBAHAUD/eclipse-workspace/Testing-NoBroker/src/test/resources/Features/PostYourProperty.feature:12)
]]>
            </full-stacktrace>
          </exception> <!-- java.lang.Error -->
          <reporter-output>
          </reporter-output>
        </test-method> <!-- runScenario -->
        <test-method signature="runScenario(io.cucumber.testng.PickleWrapper,io.cucumber.testng.FeatureWrapper)[pri:0, instance:com.Runner.TestNGRunner@782859e]" started-at="2024-12-26T21:13:19 IST" name="runScenario" description="Runs Cucumber Scenarios" data-provider="scenarios" finished-at="2024-12-26T21:13:39 IST" duration-ms="20386" status="PASS">
          <params>
            <param index="0">
              <value>
                <![CDATA["Entering incorrect property details and trying to post the ad"]]>
              </value>
            </param>
            <param index="1">
              <value>
                <![CDATA["Testing Nobroker Post Your Property WebPage"]]>
              </value>
            </param>
          </params>
          <reporter-output>
          </reporter-output>
        </test-method> <!-- runScenario -->
        <test-method signature="runScenario(io.cucumber.testng.PickleWrapper,io.cucumber.testng.FeatureWrapper)[pri:0, instance:com.Runner.TestNGRunner@782859e]" started-at="2024-12-26T21:13:39 IST" name="runScenario" description="Runs Cucumber Scenarios" data-provider="scenarios" finished-at="2024-12-26T21:13:45 IST" duration-ms="6284" status="PASS">
          <params>
            <param index="0">
              <value>
                <![CDATA["Verify user can navigate to Best Buy pay rent Page"]]>
              </value>
            </param>
            <param index="1">
              <value>
                <![CDATA["Testing Nobroker Post Your Property WebPage"]]>
              </value>
            </param>
          </params>
          <reporter-output>
          </reporter-output>
        </test-method> <!-- runScenario -->
        <test-method signature="runScenario(io.cucumber.testng.PickleWrapper,io.cucumber.testng.FeatureWrapper)[pri:0, instance:com.Runner.TestNGRunner@782859e]" started-at="2024-12-26T21:13:45 IST" name="runScenario" description="Runs Cucumber Scenarios" data-provider="scenarios" finished-at="2024-12-26T21:14:03 IST" duration-ms="17602" status="PASS">
          <params>
            <param index="0">
              <value>
                <![CDATA["Entering your details and clicking on Get Started"]]>
              </value>
            </param>
            <param index="1">
              <value>
                <![CDATA["Testing Nobroker Post Your Property WebPage"]]>
              </value>
            </param>
          </params>
          <reporter-output>
          </reporter-output>
        </test-method> <!-- runScenario -->
        <test-method signature="runScenario(io.cucumber.testng.PickleWrapper,io.cucumber.testng.FeatureWrapper)[pri:0, instance:com.Runner.TestNGRunner@782859e]" started-at="2024-12-26T21:14:03 IST" name="runScenario" description="Runs Cucumber Scenarios" data-provider="scenarios" finished-at="2024-12-26T21:14:13 IST" duration-ms="10072" status="PASS">
          <params>
            <param index="0">
              <value>
                <![CDATA["User clicks on login button and enters mobile number"]]>
              </value>
            </param>
            <param index="1">
              <value>
                <![CDATA["Testing Nobroker Post Your Property WebPage"]]>
              </value>
            </param>
          </params>
          <reporter-output>
          </reporter-output>
        </test-method> <!-- runScenario -->
        <test-method signature="runScenario(io.cucumber.testng.PickleWrapper,io.cucumber.testng.FeatureWrapper)[pri:0, instance:com.Runner.TestNGRunner@782859e]" started-at="2024-12-26T21:14:13 IST" name="runScenario" description="Runs Cucumber Scenarios" data-provider="scenarios" finished-at="2024-12-26T21:14:25 IST" duration-ms="12592" status="PASS">
          <params>
            <param index="0">
              <value>
                <![CDATA["User clicks on login button and enters mobile number"]]>
              </value>
            </param>
            <param index="1">
              <value>
                <![CDATA["Testing Nobroker Post Your Property WebPage"]]>
              </value>
            </param>
          </params>
          <reporter-output>
          </reporter-output>
        </test-method> <!-- runScenario -->
        <test-method signature="runScenario(io.cucumber.testng.PickleWrapper,io.cucumber.testng.FeatureWrapper)[pri:0, instance:com.Runner.TestNGRunner@782859e]" started-at="2024-12-26T21:14:25 IST" name="runScenario" description="Runs Cucumber Scenarios" data-provider="scenarios" finished-at="2024-12-26T21:14:38 IST" duration-ms="12860" status="PASS">
          <params>
            <param index="0">
              <value>
                <![CDATA["User clicks on login button and enters mobile number"]]>
              </value>
            </param>
            <param index="1">
              <value>
                <![CDATA["Testing Nobroker Post Your Property WebPage"]]>
              </value>
            </param>
          </params>
          <reporter-output>
          </reporter-output>
        </test-method> <!-- runScenario -->
        <test-method is-config="true" signature="tearDownClass()[pri:0, instance:com.Runner.TestNGRunner@782859e]" started-at="2024-12-26T21:14:38 IST" name="tearDownClass" finished-at="2024-12-26T21:14:40 IST" duration-ms="1239" status="PASS">
          <reporter-output>
          </reporter-output>
        </test-method> <!-- tearDownClass -->
      </class> <!-- com.Runner.TestNGRunner -->
    </test> <!-- Default test -->
  </suite> <!-- Default suite -->
</testng-results>
