<?xml version="1.0" encoding="UTF-8"?>
<testng-results ignored="0" total="6" passed="6" failed="0" skipped="0">
  <reporter-output>
  </reporter-output>
  <suite started-at="2024-12-24T17:08:58 IST" name="Default suite" finished-at="2024-12-24T17:10:16 IST" duration-ms="78150">
    <groups>
      <group name="cucumber">
        <method signature="AbstractTestNGCucumberTests.runScenario(io.cucumber.testng.PickleWrapper,io.cucumber.testng.FeatureWrapper)[pri:0, instance:TestRunner.TestRunnerTestNG@757277dc]" name="runScenario" class="io.cucumber.testng.AbstractTestNGCucumberTests"/>
      </group> <!-- cucumber -->
    </groups>
    <test started-at="2024-12-24T17:08:58 IST" name="Default test" finished-at="2024-12-24T17:10:16 IST" duration-ms="78150">
      <class name="TestRunner.TestRunnerTestNG">
        <test-method is-config="true" signature="setUpClass(org.testng.ITestContext)[pri:0, instance:TestRunner.TestRunnerTestNG@757277dc]" started-at="2024-12-24T17:08:58 IST" name="setUpClass" finished-at="2024-12-24T17:08:59 IST" duration-ms="819" status="PASS">
          <params>
            <param index="0">
              <value>
                <![CDATA[org.testng.TestRunner@e5c2463]]>
              </value>
            </param>
          </params>
          <reporter-output>
          </reporter-output>
        </test-method> <!-- setUpClass -->
        <test-method signature="runScenario(io.cucumber.testng.PickleWrapper,io.cucumber.testng.FeatureWrapper)[pri:0, instance:TestRunner.TestRunnerTestNG@757277dc]" started-at="2024-12-24T17:08:59 IST" name="runScenario" description="Runs Cucumber Scenarios" data-provider="scenarios" finished-at="2024-12-24T17:09:08 IST" duration-ms="9018" status="PASS">
          <params>
            <param index="0">
              <value>
                <![CDATA["User clicks on Rental Agreement and views next day delivery option"]]>
              </value>
            </param>
            <param index="1">
              <value>
                <![CDATA["Rental Agreement Page Interaction"]]>
              </value>
            </param>
          </params>
          <reporter-output>
          </reporter-output>
        </test-method> <!-- runScenario -->
        <test-method signature="runScenario(io.cucumber.testng.PickleWrapper,io.cucumber.testng.FeatureWrapper)[pri:0, instance:TestRunner.TestRunnerTestNG@757277dc]" started-at="2024-12-24T17:09:08 IST" name="runScenario" description="Runs Cucumber Scenarios" data-provider="scenarios" finished-at="2024-12-24T17:09:17 IST" duration-ms="9330" status="PASS">
          <params>
            <param index="0">
              <value>
                <![CDATA["User views Next Day Delivery option"]]>
              </value>
            </param>
            <param index="1">
              <value>
                <![CDATA["Rental Agreement Page Interaction"]]>
              </value>
            </param>
          </params>
          <reporter-output>
          </reporter-output>
        </test-method> <!-- runScenario -->
        <test-method signature="runScenario(io.cucumber.testng.PickleWrapper,io.cucumber.testng.FeatureWrapper)[pri:0, instance:TestRunner.TestRunnerTestNG@757277dc]" started-at="2024-12-24T17:09:17 IST" name="runScenario" description="Runs Cucumber Scenarios" data-provider="scenarios" finished-at="2024-12-24T17:09:26 IST" duration-ms="8850" status="PASS">
          <params>
            <param index="0">
              <value>
                <![CDATA["Click on the helpline link and verify redirection to about:blank page"]]>
              </value>
            </param>
            <param index="1">
              <value>
                <![CDATA["Rental Agreement Page Interaction"]]>
              </value>
            </param>
          </params>
          <reporter-output>
          </reporter-output>
        </test-method> <!-- runScenario -->
        <test-method signature="runScenario(io.cucumber.testng.PickleWrapper,io.cucumber.testng.FeatureWrapper)[pri:0, instance:TestRunner.TestRunnerTestNG@757277dc]" started-at="2024-12-24T17:09:26 IST" name="runScenario" description="Runs Cucumber Scenarios" data-provider="scenarios" finished-at="2024-12-24T17:09:36 IST" duration-ms="10017" status="PASS">
          <params>
            <param index="0">
              <value>
                <![CDATA["Click on My Bookings and navigate to Sign-Up page"]]>
              </value>
            </param>
            <param index="1">
              <value>
                <![CDATA["Rental Agreement Page Interaction"]]>
              </value>
            </param>
          </params>
          <reporter-output>
          </reporter-output>
        </test-method> <!-- runScenario -->
        <test-method signature="runScenario(io.cucumber.testng.PickleWrapper,io.cucumber.testng.FeatureWrapper)[pri:0, instance:TestRunner.TestRunnerTestNG@757277dc]" started-at="2024-12-24T17:09:36 IST" name="runScenario" description="Runs Cucumber Scenarios" data-provider="scenarios" finished-at="2024-12-24T17:10:05 IST" duration-ms="29199" status="PASS">
          <params>
            <param index="0">
              <value>
                <![CDATA["Click on the helpline link and verify redirection to about:blank page"]]>
              </value>
            </param>
            <param index="1">
              <value>
                <![CDATA["Rental Agreement Page Interaction"]]>
              </value>
            </param>
          </params>
          <reporter-output>
          </reporter-output>
        </test-method> <!-- runScenario -->
        <test-method signature="runScenario(io.cucumber.testng.PickleWrapper,io.cucumber.testng.FeatureWrapper)[pri:0, instance:TestRunner.TestRunnerTestNG@757277dc]" started-at="2024-12-24T17:10:05 IST" name="runScenario" description="Runs Cucumber Scenarios" data-provider="scenarios" finished-at="2024-12-24T17:10:16 IST" duration-ms="10792" status="PASS">
          <params>
            <param index="0">
              <value>
                <![CDATA["Search and select a city"]]>
              </value>
            </param>
            <param index="1">
              <value>
                <![CDATA["Rental Agreement Page Interaction"]]>
              </value>
            </param>
          </params>
          <reporter-output>
          </reporter-output>
        </test-method> <!-- runScenario -->
        <test-method is-config="true" signature="tearDownClass()[pri:0, instance:TestRunner.TestRunnerTestNG@757277dc]" started-at="2024-12-24T17:10:16 IST" name="tearDownClass" finished-at="2024-12-24T17:10:16 IST" duration-ms="51" status="PASS">
          <reporter-output>
          </reporter-output>
        </test-method> <!-- tearDownClass -->
      </class> <!-- TestRunner.TestRunnerTestNG -->
    </test> <!-- Default test -->
  </suite> <!-- Default suite -->
</testng-results>
