<?xml version="1.0" encoding="UTF-8"?>
<!-- Generated by org.testng.reporters.JUnitReportReporter -->
<testsuite hostname="LIN-PG02HC4J" failures="0" tests="6" name="com.runner.TestRunnerTestNG" time="85.871" errors="0" timestamp="2024-12-26T11:15:27 IST" skipped="0">
  <testcase classname="com.runner.TestRunnerTestNG" name="runScenario" time="15.380"/>
  <testcase classname="com.runner.TestRunnerTestNG" name="runScenario" time="15.615"/>
  <testcase classname="com.runner.TestRunnerTestNG" name="runScenario" time="9.176"/>
  <testcase classname="com.runner.TestRunnerTestNG" name="runScenario" time="6.789"/>
  <testcase classname="com.runner.TestRunnerTestNG" name="runScenario" time="24.336"/>
  <testcase classname="com.runner.TestRunnerTestNG" name="runScenario" time="14.575"/>
</testsuite> <!-- com.runner.TestRunnerTestNG -->
