<?xml version="1.0" encoding="UTF-8"?>
<!-- Generated by org.testng.reporters.JUnitReportReporter -->
<testsuite hostname="LIN-FLKNBK3" failures="0" tests="7" name="TestRunner.TestRunnerTestNG" time="145.439" errors="1" timestamp="2024-12-26T21:11:21 IST" skipped="0">
  <testcase classname="TestRunner.TestRunnerTestNG" name="runScenario" time="31.270"/>
  <system-out/>
  <testcase classname="TestRunner.TestRunnerTestNG" name="runScenario" time="14.831"/>
  <system-out/>
  <testcase classname="TestRunner.TestRunnerTestNG" name="runScenario" time="15.366"/>
  <system-out/>
  <testcase classname="TestRunner.TestRunnerTestNG" name="runScenario" time="12.242"/>
  <system-out/>
  <testcase classname="TestRunner.TestRunnerTestNG" name="runScenario" time="25.033"/>
  <system-out/>
  <testcase classname="TestRunner.TestRunnerTestNG" name="runScenario" time="16.035"/>
  <system-out/>
  <testcase classname="TestRunner.TestRunnerTestNG" name="runScenario" time="30.662">
    <error message="element not interactable
  (Session info: chrome=131.0.6778.205)
Build info: version: &#039;4.27.0&#039;, revision: &#039;d6e718d134&#039;
System info: os.name: &#039;Windows 11&#039;, os.arch: &#039;amd64&#039;, os.version: &#039;10.0&#039;, java.version: &#039;23&#039;
Driver info: org.openqa.selenium.chrome.ChromeDriver
Command: [27f76c0da2e09c8a2af334bcbee078e6, clearElement {id=f.D40B486C1577D2BEE871046BFB6DE684.d.EDA5E8BB7EAB81DEE7B23FC9BD7475A6.e.139}]
Capabilities {acceptInsecureCerts: false, browserName: chrome, browserVersion: 131.0.6778.205, chrome: {chromedriverVersion: 131.0.6778.204 (52183f9e99a..., userDataDir: C:\Windows\SystemTemp\scope...}, fedcm:accounts: true, goog:chromeOptions: {debuggerAddress: localhost:52076}, networkConnectionEnabled: false, pageLoadStrategy: normal, platformName: windows, proxy: Proxy(), se:cdp: ws://localhost:52076/devtoo..., se:cdpVersion: 131.0.6778.205, setWindowRect: true, strictFileInteractability: false, timeouts: {implicit: 0, pageLoad: 300000, script: 30000}, unhandledPromptBehavior: dismiss and notify, webauthn:extension:credBlob: true, webauthn:extension:largeBlob: true, webauthn:extension:minPinLength: true, webauthn:extension:prf: true, webauthn:virtualAuthenticators: true}
Element: [[ChromeDriver: chrome on windows (27f76c0da2e09c8a2af334bcbee078e6)] -&gt; xpath: //*[@id=&quot;name&quot;]]
Session ID: 27f76c0da2e09c8a2af334bcbee078e6" type="org.openqa.selenium.ElementNotInteractableException">
      <![CDATA[org.openqa.selenium.ElementNotInteractableException: element not interactable
  (Session info: chrome=131.0.6778.205)
Build info: version: '4.27.0', revision: 'd6e718d134'
System info: os.name: 'Windows 11', os.arch: 'amd64', os.version: '10.0', java.version: '23'
Driver info: org.openqa.selenium.chrome.ChromeDriver
Command: [27f76c0da2e09c8a2af334bcbee078e6, clearElement {id=f.D40B486C1577D2BEE871046BFB6DE684.d.EDA5E8BB7EAB81DEE7B23FC9BD7475A6.e.139}]
Capabilities {acceptInsecureCerts: false, browserName: chrome, browserVersion: 131.0.6778.205, chrome: {chromedriverVersion: 131.0.6778.204 (52183f9e99a..., userDataDir: C:\Windows\SystemTemp\scope...}, fedcm:accounts: true, goog:chromeOptions: {debuggerAddress: localhost:52076}, networkConnectionEnabled: false, pageLoadStrategy: normal, platformName: windows, proxy: Proxy(), se:cdp: ws://localhost:52076/devtoo..., se:cdpVersion: 131.0.6778.205, setWindowRect: true, strictFileInteractability: false, timeouts: {implicit: 0, pageLoad: 300000, script: 30000}, unhandledPromptBehavior: dismiss and notify, webauthn:extension:credBlob: true, webauthn:extension:largeBlob: true, webauthn:extension:minPinLength: true, webauthn:extension:prf: true, webauthn:virtualAuthenticators: true}
Element: [[ChromeDriver: chrome on windows (27f76c0da2e09c8a2af334bcbee078e6)] -> xpath: //*[@id="name"]]
Session ID: 27f76c0da2e09c8a2af334bcbee078e6
at java.base/jdk.internal.reflect.DirectConstructorHandleAccessor.newInstance(DirectConstructorHandleAccessor.java:62)
at java.base/java.lang.reflect.Constructor.newInstanceWithCaller(Constructor.java:501)
at java.base/java.lang.reflect.Constructor.newInstance(Constructor.java:485)
at org.openqa.selenium.remote.ErrorCodec.decode(ErrorCodec.java:167)
at org.openqa.selenium.remote.codec.w3c.W3CHttpResponseCodec.decode(W3CHttpResponseCodec.java:138)
at org.openqa.selenium.remote.codec.w3c.W3CHttpResponseCodec.decode(W3CHttpResponseCodec.java:50)
at org.openqa.selenium.remote.HttpCommandExecutor.execute(HttpCommandExecutor.java:190)
at org.openqa.selenium.remote.service.DriverCommandExecutor.invokeExecute(DriverCommandExecutor.java:216)
at org.openqa.selenium.remote.service.DriverCommandExecutor.execute(DriverCommandExecutor.java:174)
at org.openqa.selenium.remote.RemoteWebDriver.execute(RemoteWebDriver.java:545)
at org.openqa.selenium.remote.RemoteWebElement.execute(RemoteWebElement.java:223)
at org.openqa.selenium.remote.RemoteWebElement.clear(RemoteWebElement.java:129)
at com.pages.RentalAgreementPage.enterName(RentalAgreementPage.java:111)
at com.stepDefination.RentalAggrementStep.the_user_enters_the_name(RentalAggrementStep.java:177)
at ✽.the user enters the name "Ayesha"(file:///C:/Users/Kayesha/Desktop/sprint/NoBrokerProject/src/test/resources/Features/RentalAggrement.feature:34)
]]>
    </error>
  </testcase> <!-- runScenario -->
  <system-out/>
</testsuite> <!-- TestRunner.TestRunnerTestNG -->
