<?xml version="1.0" encoding="UTF-8"?>
<!-- Generated by org.testng.reporters.JUnitReportReporter -->
<testsuite hostname="LIN-PG02HCEF" failures="0" tests="8" name="com.Runner.TestNGRunner" time="115.497" errors="1" timestamp="2024-12-26T21:14:41 IST" skipped="0">
  <testcase classname="com.Runner.TestNGRunner" name="runScenario" time="12.860"/>
  <testcase classname="com.Runner.TestNGRunner" name="runScenario" time="10.072"/>
  <testcase classname="com.Runner.TestNGRunner" name="runScenario" time="17.602"/>
  <testcase classname="com.Runner.TestNGRunner" name="runScenario" time="29.334"/>
  <testcase classname="com.Runner.TestNGRunner" name="runScenario" time="6.284"/>
  <testcase classname="com.Runner.TestNGRunner" name="runScenario" time="6.367">
    <error message="Unresolved compilation problem: 
	ReadProperties cannot be resolved
" type="java.lang.Error">
      <![CDATA[java.lang.Error: Unresolved compilation problem: 
ReadProperties cannot be resolved

at com.stepDefination.PostYourPropStepDef.i_enter_valid_property_details_such_as_and(PostYourPropStepDef.java:96)
at ✽.I enter valid property details such as name emailid and mobile no(file:///C:/Users/MOBAHAUD/eclipse-workspace/Testing-NoBroker/src/test/resources/Features/PostYourProperty.feature:12)
]]>
    </error>
  </testcase> <!-- runScenario -->
  <testcase classname="com.Runner.TestNGRunner" name="runScenario" time="12.592"/>
  <testcase classname="com.Runner.TestNGRunner" name="runScenario" time="20.386"/>
</testsuite> <!-- com.Runner.TestNGRunner -->
